PRX000001 COMPLEXPROT
PRX000002 METALMAIN
PRX000003 TETRAPYRROL
PRX000004 FEXMAIN
PRX000005 FEMAIN
PRX000006 FEFEMAIN
PRX000007 FESMAIN
PRX000008 HEMEMAIN
PRX000009 CUMAIN
PRX000010 CHLMAIN
PRX000011 MOCOMAIN
PRX000012 NADMAIN
PRX000013 CUZN
PRX000014 TMADH
PRX000015 CPR
PRX000016 FADMAIN
PRX000017 FMNMAIN
PRX000018 NOS
PRX000019 SIR
PRX000020 SIROHEME
PRX000021 B12MAIN
PRX000022 PRCPB
PRX000023 PRCPBLHM
PRX000024 PRCPBLHMC
PRX000025 MEMEMAIN
PRX000026 NIFEXHASE
PRX000027 FEFEI
PRX000028 FEFEII
PRX000029 FEFEIII
PRX000030 FEFEIV
PRX000031 MPAP
PRX000032 PPAP
PRX000033 FEZNPPAP
PRX000034 FEMNPPAP
PRX000035 NIFEXHASEL
PRX000036 NIFEXHASES
PRX000037 FECYS
PRX000038 DSFRDX
PRX000039 RRDX
PRX000040 NHASEA
PRX000041 DFX
PRX000042 DFFX
PRX000043 NEELARDX
PRX000044 NRDXSOR
PRX000045 RUBREDXN
PRX000046 RUBRERYN
PRX000047 NHASE
PRX000048 FEHIS
PRX000049 ETF
PRX000050 ETFA
PRX000051 ETFB
PRX000052 FPNCR
PRX000053 FE2S2
PRX000054 FE4S4
PRX000055 PCLUSTER
PRX000056 MCLUSTER
PRX000057 PRISMANE
PRX000058 FE2S2FRDX
PRX000059 RIESKE
PRX000060 ADXN
PRX000061 TRDXFE2S2
PRX000062 PLANTFRDXD
PRX000063 PLANTFRDX
PRX000064 FEHASE2FE
PRX000065 MFRD
PRX000066 FE2S2XANTOX
PRX000067 SUDB
PRX000068 PDRLIKE
PRX000069 NCB5R
PRX000070 FRDXNR
PRX000071 ADXNR
PRX000072 RIESKEP
PRX000073 ARHD
PRX000074 CYTBC1
PRX000075 CYTB6F
PRX000076 SOXF
PRX000077 NDO
PRX000078 HEMERYTHRIN
PRX000079 MYOHEMERTRN
PRX000080 FEMN
PRX000081 FEZN
PRX000082 FENI
PRX000083 LH2PB
PRX000084 FMOC
PRX000085 PCP
PRX000086 PSI
PRX000087 PSAC
PRX000088 FE4S4CYS4
PRX000089 AOR
PRX000090 DMSORLIKE
PRX000091 FNR
PRX000092 ENDONASE3
PRX000093 GPATASE
PRX000094 HIPIP
PRX000095 N2ASEFE
PRX000096 N2ASEMOFE
PRX000097 AOR1
PRX000098 FOR
PRX000099 GAPOR
PRX000100 MEMOCO2
PRX000101 C2H2HASE
PRX000102 MEMOCO1
PRX000103 MOCOCYTB5
PRX000104 SULFOXIDASE
PRX000105 EUKNR
PRX000106 NADHNR
PRX000107 NADXHNR
PRX000108 NADPHNR
PRX000109 CB5R
PRX000110 NFR
PRX000111 NADPHCPR
PRX000112 SIRFP
PRX000113 SIRHP
PRX000114 NADPHNIR
PRX000115 FDXNIR
PRX000116 FDXSIR
PRX000117 HSO3R
PRX000118 PF430
PRX000119 PHYCOBILIPR
PRX000120 CYTB5D
PRX000121 CYTB5
PRX000122 CYTB5DESAT
PRX000123 FLAVOCYTB2
PRX000124 XIIFERRITIN
PRX000125 IARCD
PRX000126 FESOD
PRX000127 LIPOXYGNASE
PRX000128 FEHIS2COOH
PRX000129 PLANTLOX
PRX000130 MAMLOX
PRX000131 AAAOH
PRX000132 EARCD2
PRX000133 EARCD3
PRX000134 HGO
PRX000135 AKGO
PRX000136 IPNS
PRX000137 BPHC
PRX000138 HPPD
PRX000139 MPC
PRX000140 LIGAB
PRX000141 LYSOHASE
PRX000142 PROOHASE
PRX000143 DAOCS
PRX000144 CLAS
PRX000145 PCD
PRX000146 CTD
PRX000147 CYTOCHROME
PRX000148 HEMEHIS
PRX000149 HEMELYS
PRX000150 HEMECYS
PRX000151 HEMETYR
PRX000152 CYTAX
PRX000153 CYTB
PRX000154 CYTC
PRX000155 CYTD
PRX000156 CYTD1
PRX000157 CYTBHBL
PRX000158 CYTB562
PRX000159 BACFERRITIN
PRX000160 CYTA
PRX000161 FERRITIN
PRX000162 CYTA3
PRX000163 CYTAA3
PRX000164 COXAA3
PRX000165 COXCAA3
PRX000166 COXCBB3
PRX000167 COXBA3
PRX000168 COXCYTB
PRX000169 CYTBB3
PRX000170 CYTBA3
PRX000171 CYTB3
PRX000172 COXCYTC
PRX000173 CU1
PRX000174 CU3
PRX000175 CU2
PRX000176 CU4
PRX000177 CUIII
PRX000178 CUA
PRX000179 COXII
PRX000180 N2OR
PRX000181 CUB
PRX000182 CYTBO3
PRX000183 UBOX
PRX000184 CYTO3
PRX000185 NOR
PRX000186 CUI
PRX000187 CUII
PRX000188 CUCHAPERONE
PRX000189 SMALLBLUE
PRX000190 BLUEOXIDASE
PRX000191 CUNIR
PRX000192 AZURIN
PRX000193 RUSTICYANIN
PRX000194 AURACYANIN
PRX000195 PLCYANINF
PRX000196 PHYTOCYANIN
PRX000197 PLCYANIN
PRX000198 AMICYANIN
PRX000199 PSAZURIN
PRX000200 NITRCYANIN
PRX000201 HALOCYANIN
PRX000202 STELCYANIN
PRX000203 UMECYANIN
PRX000204 BBP
PRX000205 CUSACYANIN
PRX000206 MAVICYANIN
PRX000207 LACCASE
PRX000208 ASCOX
PRX000209 CERULOPLMN
PRX000210 FET3
PRX000211 CUMONOXGNSE
PRX000212 NONBLUOXDSE
PRX000213 CUMMO
PRX000214 CUPAH
PRX000215 CUASCMONOX
PRX000216 PHM
PRX000217 DBH
PRX000218 CUAOX
PRX000219 GALOX
PRX000220 LYSOX
PRX000221 PHENOXIDASE
PRX000222 HEMOCYANIN
PRX000223 TYROSINASE
PRX000224 DOPACHRISOM
PRX000225 CATECHOXDSE
PRX000226 HEMOCYANINA
PRX000227 HEMOCYANINM
PRX000228 ZNXMAIN
PRX000229 ZNMAIN
PRX000230 ORGANICMAIN
PRX000231 MEMIXMAIN
PRX000232 MENMAIN
PRX000233 ZNCYS
PRX000234 HEMECPO
PRX000235 NOSOX
PRX000236 P450DOM
PRX000237 H450
PRX000238 P450CPR
PRX000239 CYTCBB3
PRX000240 CYTCI
PRX000241 CYTCII
PRX000242 CYTCIII
PRX000243 CYTCIV
PRX000244 CYTC554
PRX000245 CYTCPRIME2
PRX000246 CYTCDDSS
PRX000247 CYTC1
PRX000248 CYTF
PRX000249 HAO
PRX000250 CYTCNIR
PRX000251 CYTCD1
PRX000252 FLAVOCYTC3
PRX000253 HEMEHIS2
PRX000254 CYTCIIA
PRX000255 CYTCIIB
PRX000256 HASA
PRX000257 GLOBIN
PRX000258 NITROPHORIN
PRX000259 PEROXIDASE
PRX000260 HEMEHISTYR
PRX000261 CYTCIHEME1
PRX000262 CYTCIHEME2
PRX000263 CYTC4
PRX000264 FCYTCSD
PRX000265 CCPHEME2
PRX000266 BH4MAIN
PRX000267 QUINOPRTEIN
PRX000268 CAROTENOID
PRX000269 FLAVINMAIN
PRX000270 ADPPROTEIN
PRX000271 PYRIDOXALP
PRX000272 TPPMAIN
PRX000273 PFOR
PRX000274 FLDXDOMAIN
PRX000275 FLAVODOXIN
PRX000276 MTRR
PRX000277 NADPPROTEIN
PRX000278 NADPROTEIN
PRX000279 NADADH
PRX000280 UROCANASE
PRX000281 UDPG4E
PRX000282 LACOXATRH
PRX000283 RCHODISM
PRX000284 NADPADH
PRX000285 GFOR
PRX000286 ACONITASE
PRX000287 PFLAE
PRX000288 RNRIIIFES
PRX000289 BIOTINSYN
PRX000290 LIPOATESYN
PRX000291 LYS23NHMUT
PRX000292 C2H2HYDRSE
PRX000293 BACFRDXDOM
PRX000294 GOGAT
PRX000295 SUDA
PRX000296 DPD
PRX000297 AEGA
PRX000298 FESFLAVOPR
PRX000299 BACFRDX
PRX000300 FEHASE4FE
PRX000301 FEHASE
PRX000302 FDGOGAT
PRX000303 NADPHGOGATA
PRX000304 NADPHGOGAT
PRX000305 NADPHGOGATB
PRX000306 NADHGOGAT
PRX000307 BACFRDXS4
PRX000308 BACFRDXS8
PRX000309 BACFRDXSN
PRX000310 BACFRDXFE4
PRX000311 BACFRDXFE3
PRX000312 BACFRDXFE8
PRX000313 BACFRDXFE7
PRX000314 RNRR2
PRX000315 MMOH
PRX000316 SACPDESAT
PRX000317 RNRI
PRX000318 MMO
PRX000319 INVERGLOBIN
PRX000320 PLANTGLOBIN
PRX000321 VERTHB
PRX000322 VERTMB
PRX000323 FLAVOHB
PRX000324 DEHALOPX
PRX000325 ALPHAHB
PRX000326 BETAHB
PRX000327 ERYTCRUORIN
PRX000328 ANPEROXDSE
PRX000329 PFBPEROXDSE
PRX000330 ICPEROXDSE
PRX000331 SFUPEROXDSE
PRX000332 SPLPEROXDSE
PRX000333 CTCPEROXDSE
PRX000334 ASCPEROXDSE
PRX000335 CATPEROXDSE
PRX000336 MNPEROXDSE
PRX000337 DAPPEROXDSE
PRX000338 MYEPEROXDSE
PRX000339 EOSPEROXDSE
PRX000340 LACPEROXDSE
PRX000341 THYPEROXDSE
PRX000342 PGHSYNTHASE
PRX000343 PEROXIDASIN
PRX000344 FRD
PRX000345 SFRD
PRX000346 MMOC
PRX000347 MFRDA
PRX000348 MFRDB
PRX000349 MFRDAB
PRX000350 MFRDCHEME
PRX000351 MFRDCHEME2
PRX000352 MFRDCYTB
PRX000353 MFRDQP
PRX000354 CRUSTCYANIN
PRX000355 OPSIN
PRX000356 BACRDOPSIN
PRX000357 ANIMALOPSIN
PRX000358 FADPNR
PRX000359 PNDRI
PRX000360 PNDRII
PRX000361 GSHR
PRX000362 TYTR
PRX000363 DLDH
PRX000364 MERA
PRX000365 AHPF
PRX000366 PLANTTRXB
PRX000367 FUNGALTRXB
PRX000368 BACTERTRXB
PRX000369 PROTOZTRXB
PRX000370 ANIMALTRXB
PRX000371 RUBXRED
PRX000372 NADHDH
PRX000373 PUTRDXR
PRX000374 RINGDIOXFDR
PRX000375 NADHPEROX
PRX000376 NADHOXIDASE
PRX000377 MONODHASCR
PRX000378 LEGHBR
PRX000379 PFRDXFPNCR
PRX000380 RINGOXFDFDR
PRX000381 PDR
PRX000382 VANB
PRX000383 CYTBD
PRX000384 CYTBDI
PRX000385 CYTBDII
PRX000386 NIFEHASEL
PRX000387 NIFEHASE
PRX000388 NIFEHASES
PRX000389 NIFESEHASEL
PRX000390 NIFESEHASE
PRX000391 NIFESEHASES
PRX000392 NIXMAIN
PRX000393 METCOMREDA
PRX000394 METCOMRED
PRX000395 FMNBP
PRX000396 UREASEA
PRX000397 UREASE
PRX000398 NISOD
PRX000399 FEZNSOD
PRX000400 UREE
PRX000401 HAL3
PRX000402 CODH
PRX000403 CODHM
PRX000404 CODHACSB
PRX000405 CODHACSA
PRX000406 CODHACS
PRX000407 NIFES
PRX000408 NIGLXI
PRX000409 NIMAIN
PRX000410 NIPDF
PRX000411 DHOD
PRX000412 DHODA
PRX000413 PYRDB
PRX000414 PYRK
PRX000415 DHODB
PRX000416 PYRKLIKE
PRX000417 RIESKEFD
PRX000418 FMNRUBRDXN
PRX000419 CRYPTOCHROM
PRX000420 PTBLUELITPR
PRX000421 PTPHOTOLYAS
PRX000422 DFPHOTOLYAS
PRX000423 FADBLULITPR
PRX000424 PHOTOTROPIN
PRX000425 PYP
PRX000426 FIXL
PRX000427 PHYCERYTHRN
PRX000428 HEMCATALASE
PRX000429 PTERINMAIN
PRX000430 PEBPE
PRX000431 PCBPUBPE
PRX000432 PUBPE
PRX000433 PEBDBVPE
PRX000434 PEBPUBPE
PRX000435 PHYCOCYANIN
PRX000436 RAPHYCYANIN
PRX000437 CPHYCYANIN
PRX000438 ALPHYCYANIN
PRX000439 PHYCERYCYAN
PRX000440 PHYTOCHROME
PRX000441 CPHYTCHROM
PRX000442 PPHYTCHROM
PRX000443 FADAOX
PRX000444 HEMBCATALAS
PRX000445 HEMDCATALAS
PRX000446 LH1PB
PRX000447 ROO
PRX000448 BLUCIFERASE
PRX000449 NFP
PRX000450 YFP
PRX000451 LUMAZINEP
PRX000452 APSREDALPHA
PRX000453 APSREDBETA
PRX000454 APSRED
PRX000455 FPAROHASE
PRX000456 TCMG
PRX000457 SALICHASE
PRX000458 CLPHE6OH
PRX000459 PHE2OH
PRX000460 PHBOHASE
PRX000461 PCLPHE4OH
PRX000462 ZNHIS
PRX000463 CARBPEPDASE
PRX000464 ZNDDPEPDASE
PRX000465 BACNHPEPDAS
PRX000466 ZNZNMAIN
PRX000467 LEUNHPEPDAS
PRX000468 CPG2
PRX000469 THERMOLYSIN
PRX000470 PSEUDOLYSIN
PRX000471 BACILOLYSIN
PRX000472 AUREOLYSIN
PRX000473 THRMLYSLIKE
PRX000474 PQQENZYME
PRX000475 PQQDHASE
PRX000476 MEDH
PRX000477 MEDHALPHA
PRX000478 ETDH
PRX000479 GDHB
PRX000480 ZNBLACTMASE
PRX000481 CUZNSOD
PRX000482 CAMAIN
PRX000483 SERRALYSIN
PRX000484 HEMOLYSINS
PRX000485 ASTACIN
PRX000486 REPROLYSIN
PRX000487 ATROLYSINC
PRX000488 ACUTOLYSINA
PRX000489 ADAMALYSIN
PRX000490 METZINCIN
PRX000491 MATRIXIN
PRX000492 MMP1
PRX000493 MMP8
PRX000494 MMP2
PRX000495 MMP3
PRX000496 MMP7
PRX000497 MMP13
PRX000498 MMP14
PRX000499 LEISHMNLYSN
PRX000500 SNAPALYSIN
PRX000501 TRIMRLYSIN2
PRX000502 CAREPROLYSN
PRX000503 BONTOXLYSIN
PRX000504 ZINCIN
PRX000505 ADAM17
PRX000506 AAP
PRX000507 SGAP
PRX000508 SHH
PRX000509 VANX
PRX000510 CARBANHDRSE
PRX000511 ZNADH
PRX000512 APASE
PRX000513 DALADALAP
PRX000514 PMI
PRX000515 FUCA
PRX000516 FBAA
PRX000517 FERRCHELASE
PRX000518 QR1
PRX000519 QR2
PRX000520 QR
PRX000521 FMO
PRX000522 CORALAOS
PRX000523 CORALLOXAOS
PRX000524 CORALLOX
PRX000525 SHEWCYTC
PRX000526 SHEWCYTC3
PRX000527 ZNGLXI
PRX000528 ASOX
PRX000529 ASOXLARGE
PRX000530 ASOXSMALL
PRX000531 FDHH
PRX000532 CDH
PRX000533 CDHCYTB
PRX000534 CDHFAD
PRX000535 GMCOXRED
PRX000536 GLD
PRX000537 GOD
PRX000538 CHD
PRX000539 ALKJ
PRX000540 CHOD
PRX000541 MDL
PRX000542 MOX
PRX000543 DMSOR
PRX000544 PERIPLNR
PRX000545 TMAO
PRX000546 FE4S4DMSOR
PRX000547 PSRA
PRX000548 PSR
PRX000549 BSOR
PRX000550 FDOG
PRX000551 FDO
PRX000552 FDNG
PRX000553 FDN
PRX000554 THIOSULFR
PRX000555 ARCHFDHA
PRX000556 ARCHFDH
PRX000557 FORMATEDH
PRX000558 XANTDH
PRX000559 COOX
PRX000560 FADXANTOX
PRX000561 ALOR
PRX000562 ALOX
PRX000563 FOSA
PRX000564 MNMAIN
PRX000565 MNXMAIN
PRX000566 MNSOD
PRX000567 ARGINASE
PRX000568 MNMNMAIN
PRX000569 MNCATALASE
PRX000570 PSII
PRX000571 PSIID1
PRX000572 MN4
PRX000573 VXMAIN
PRX000574 VMAIN
PRX000575 VHPO
PRX000576 VBPO
PRX000577 VCPO
PRX000578 N2ASEVFE
PRX000579 MOFEN2ASEFE
PRX000580 VFEN2ASEFE
PRX000581 MOFEN2ASE
PRX000582 VFEN2ASE
PRX000583 FEFEN2ASE
PRX000584 FEFEN2ASEFE
PRX000585 N2ASEFEFE
PRX000586 RLDH
PRX000587 VAO
PRX000588 VAOLIKE
PRX000589 PCMH
PRX000590 PCMHFP
PRX000591 PCMHCYTC
PRX000592 SHP
PRX000593 MURB
PRX000594 COOXL
PRX000595 COOXM
PRX000596 COOXS
PRX000597 MOXANTOX
PRX000598 FE2S2II
PRX000599 MOXMAIN
PRX000600 WXMAIN
PRX000601 ASPZINCIN
PRX000602 PEPLYSMEP
PRX000603 GLUZINCIN
PRX000604 DEUTERLYSIN
PRX000605 COLH
PRX000606 NEPRILYSIN
PRX000607 ACE
PRX000608 GLUNHPEPDAS
PRX000609 PAO
PRX000610 LAO
PRX000611 FADMAOLIKE
PRX000612 PPO
PRX000613 FADMAO
PRX000614 PUO
PRX000615 TRPMO
PRX000616 MSARCOX
PRX000617 SARCOX
PRX000618 SARCOXLIKE
PRX000619 HTSARCOX
PRX000620 HTSARCOXA
PRX000621 HTSARCOXB
PRX000622 ME2GLYDH
PRX000623 SARDH
PRX000624 MTRPOX
PRX000625 LPIPOX
PRX000626 PTE
PRX000627 RNRII
PRX000628 RNRIII
PRX000629 NAPB
PRX000630 NAP
PRX000631 COXMAIN
PRX000632 COMAIN
PRX000633 MMCOAEPIM
PRX000634 MAP
PRX000635 COCOMAIN
PRX000636 B12METS
PRX000637 MMCOAMUT
PRX000638 MMCOAMUTA
PRX000639 DIOLDH
PRX000640 DIOLDHA
PRX000641 GLM
PRX000642 GLMS
PRX000643 B12HIS
PRX000644 BACNR
PRX000645 P450
PRX000646 CYP55
PRX000647 ASSNRMOCO
PRX000648 NIFU
PRX000649 NIFULIKE
PRX000650 KLEBSNRMOCO
PRX000651 KLEBSNR
PRX000652 BACILNRMOCO
PRX000653 BACILNR
PRX000654 SYNECNRMOCO
PRX000655 BACILNRFAD
PRX000656 KLEBSNRFAD
PRX000657 ASSNRFAD
PRX000658 MEMBNRMOCO
PRX000659 MEMBNR
PRX000660 MEMBNRFES
PRX000661 MEMBNRCYTB
PRX000662 NRCYTB
PRX000663 FUSEDNR
PRX000664 CDXMAIN
PRX000665 CDCA
PRX000666 LTA4H
PRX000667 FEHASEH
PRX000668 CYTC549
PRX000669 CYTCHIS2
PRX000670 CYTCHISMET
PRX000671 HEMEHISMET
PRX000672 CYTCD1CYTC
PRX000673 CYTCD1CYTD1
PRX000674 CYTBHIS2
PRX000675 CYTBHISMET
PRX000676 KR
PRX000677 ZNADHLIKE
PRX000678 INSULIN
PRX000679 ADK
PRX000680 ZIFC2H2
PRX000681 RINGFINGER
PRX000682 RINGC3HC4
PRX000683 RINGC3H2C3
PRX000684 RAG1DD
PRX000685 RAG1
PRX000686 PMLRING
PRX000687 PML
PRX000688 ICP0RING
PRX000689 ICP0
PRX000690 PUT3
PRX000691 PPR
PRX000692 ZN2CYS6
PRX000693 GAL4
PRX000694 CYP1
PRX000695 LAC9
PRX000696 ALCR
PRX000697 ZNCYS3HIS
PRX000698 TGT
PRX000699 DAGPEDOMAIN
PRX000700 PKC
PRX000701 PKSERTHR
PRX000702 RAF
PRX000703 MYROSINASE
PRX000704 ENTC2
PRX000705 AVIANPP
PRX000706 PHEOMAIN
PRX000707 RETINALP
PRX000708 COOA
PRX000709 HEMESENSOR
PRX000710 PRODH
PRX000711 PUT1
PRX000712 PUTA
PRX000713 OYE
PRX000714 FMNBARREL
PRX000715 FMNAOHDH
PRX000716 LLDD
PRX000717 FMNLLDD
PRX000718 GOX
PRX000719 FER
PRX000720 PNPOXLIKE
PRX000721 FMNBPDV
PRX000722 PNPOX
PRX000723 DAO
PRX000724 DAOLIKE
PRX000725 DDO
PRX000726 FADSANDWICH
PRX000727 ACYLCOADH
PRX000728 MCAD
PRX000729 BCAD
PRX000730 IVD
PRX000731 WFDHA
PRX000732 WFDH
PRX000733 MOFDHA
PRX000734 AMT1ZN
PRX000735 AMT1
PRX000736 ZNC3HRIBBON
PRX000737 TFIIBZN
PRX000738 TFIIB
PRX000739 DNAGZN
PRX000740 DNAG
PRX000741 ZNC4RIBBON
PRX000742 TFIISZN
PRX000743 TFIIS
PRX000744 ZNC4TFIIBZN
PRX000745 ZNC4TFIIB
PRX000746 RPOM
PRX000747 RPO
PRX000748 RPOMZN
PRX000749 TFIISZNLIKE
PRX000750 METRSZN
PRX000751 METRS
PRX000752 BACCOXAA3
PRX000753 MITCOXAA3
PRX000754 MITCOXAA3VB
PRX000755 PYRI
PRX000756 ATCASE
PRX000757 ZNRRDX
PRX000758 BPHYTCHROM
PRX000759 CYANOGLOBIN
PRX000760 NUOF
PRX000761 NUO
PRX000762 NUOI
PRX000763 NUOB
PRX000764 NUOE
PRX000765 NUOG
PRX000766 NDHI
PRX000767 NDH
PRX000768 NQOI
PRX000769 NDHK
PRX000770 NQO20K
